[2013-07-16 13:41:47.705] [INFO] \node_modules\pomelo\lib\application.js - application inited: "gate-server-1"
[2013-07-16 13:41:48.697] [INFO] console - info: 'socket.io started'
[2013-07-16 13:41:48.710] [INFO] \node_modules\pomelo\node_modules\pomelo-admin\lib\consoleService.js - try to connect master: "gate", "127.0.0.1", 3005
[2013-07-16 13:41:48.766] [INFO] \node_modules\pomelo\lib\application.js - "gate-server-1" enter after start...
[2013-07-16 13:41:48.802] [INFO] console - info: 'socket.io started'
[2013-07-16 13:41:48.803] [INFO] console - warn: 'error raised: Error: listen EADDRINUSE'
[2013-07-16 13:41:48.803] [INFO] \node_modules\pomelo\lib\application.js - "gate-server-1" finish start
[2013-07-16 15:00:06.065] [INFO] \node_modules\pomelo\lib\application.js - application inited: "gate-server-1"
[2013-07-16 15:00:06.369] [INFO] console - info: 'socket.io started'
[2013-07-16 15:00:06.382] [INFO] \node_modules\pomelo\node_modules\pomelo-admin\lib\consoleService.js - try to connect master: "gate", "127.0.0.1", 3005
[2013-07-16 15:00:06.436] [INFO] \node_modules\pomelo\lib\application.js - "gate-server-1" enter after start...
[2013-07-16 15:00:06.445] [INFO] console - info: 'socket.io started'
[2013-07-16 15:00:06.445] [INFO] console - warn: 'error raised: Error: listen EADDRINUSE'
[2013-07-16 15:00:06.445] [INFO] \node_modules\pomelo\lib\application.js - "gate-server-1" finish start
[2013-07-16 15:02:09.190] [INFO] \node_modules\pomelo\lib\application.js - application inited: "gate-server-1"
[2013-07-16 15:02:09.499] [INFO] console - info: 'socket.io started'
[2013-07-16 15:02:09.514] [INFO] \node_modules\pomelo\node_modules\pomelo-admin\lib\consoleService.js - try to connect master: "gate", "127.0.0.1", 3005
[2013-07-16 15:02:09.569] [INFO] \node_modules\pomelo\lib\application.js - "gate-server-1" enter after start...
[2013-07-16 15:02:09.576] [INFO] console - info: 'socket.io started'
[2013-07-16 15:02:09.576] [INFO] console - warn: 'error raised: Error: listen EADDRINUSE'
[2013-07-16 15:02:09.576] [INFO] \node_modules\pomelo\lib\application.js - "gate-server-1" finish start
[2013-07-16 15:12:30.433] [INFO] \node_modules\pomelo\lib\application.js - application inited: "gate-server-1"
[2013-07-16 15:12:30.731] [INFO] console - info: 'socket.io started'
[2013-07-16 15:12:30.743] [INFO] \node_modules\pomelo\node_modules\pomelo-admin\lib\consoleService.js - try to connect master: "gate", "127.0.0.1", 3005
[2013-07-16 15:12:30.810] [INFO] \node_modules\pomelo\lib\application.js - "gate-server-1" enter after start...
[2013-07-16 15:12:30.820] [INFO] console - info: 'socket.io started'
[2013-07-16 15:12:30.820] [INFO] console - warn: 'error raised: Error: listen EADDRINUSE'
[2013-07-16 15:12:30.820] [INFO] \node_modules\pomelo\lib\application.js - "gate-server-1" finish start
[2013-07-16 15:20:22.698] [INFO] \node_modules\pomelo\lib\application.js - application inited: "gate-server-1"
[2013-07-16 15:20:22.997] [INFO] console - info: 'socket.io started'
[2013-07-16 15:20:23.009] [INFO] \node_modules\pomelo\node_modules\pomelo-admin\lib\consoleService.js - try to connect master: "gate", "127.0.0.1", 3005
[2013-07-16 15:20:23.063] [INFO] \node_modules\pomelo\lib\application.js - "gate-server-1" enter after start...
[2013-07-16 15:20:23.072] [INFO] console - info: 'socket.io started'
[2013-07-16 15:20:23.072] [INFO] console - warn: 'error raised: Error: listen EADDRINUSE'
[2013-07-16 15:20:23.072] [INFO] \node_modules\pomelo\lib\application.js - "gate-server-1" finish start
[2013-07-16 15:23:16.137] [INFO] \node_modules\pomelo\lib\application.js - application inited: "gate-server-1"
[2013-07-16 15:23:16.439] [INFO] console - info: 'socket.io started'
[2013-07-16 15:23:16.454] [INFO] \node_modules\pomelo\node_modules\pomelo-admin\lib\consoleService.js - try to connect master: "gate", "127.0.0.1", 4005
[2013-07-16 15:23:16.500] [INFO] \node_modules\pomelo\lib\application.js - "gate-server-1" enter after start...
[2013-07-16 15:23:16.508] [INFO] console - info: 'socket.io started'
[2013-07-16 15:23:16.508] [INFO] console - warn: 'error raised: Error: listen EADDRINUSE'
[2013-07-16 15:23:16.508] [INFO] \node_modules\pomelo\lib\application.js - "gate-server-1" finish start
[2013-07-16 15:25:44.768] [INFO] \node_modules\pomelo\lib\application.js - application inited: "gate-server-1"
[2013-07-16 15:25:45.053] [INFO] \node_modules\pomelo\node_modules\pomelo-admin\lib\consoleService.js - try to connect master: "gate", "127.0.0.1", 4005
[2013-07-16 15:25:45.108] [INFO] \node_modules\pomelo\lib\application.js - "gate-server-1" enter after start...
[2013-07-16 15:25:45.122] [INFO] console - info: 'socket.io started'
[2013-07-16 15:25:45.123] [INFO] console - warn: 'error raised: Error: listen EADDRINUSE'
[2013-07-16 15:25:45.123] [INFO] \node_modules\pomelo\lib\application.js - "gate-server-1" finish start
[2013-07-16 15:27:16.195] [INFO] \node_modules\pomelo\lib\application.js - application inited: "gate-server-1"
[2013-07-16 15:27:16.503] [INFO] \node_modules\pomelo\node_modules\pomelo-admin\lib\consoleService.js - try to connect master: "gate", "127.0.0.1", 4005
[2013-07-16 15:27:16.564] [INFO] \node_modules\pomelo\lib\application.js - "gate-server-1" enter after start...
[2013-07-16 15:27:16.579] [INFO] console - info: 'socket.io started'
[2013-07-16 15:27:16.580] [INFO] \node_modules\pomelo\lib\application.js - "gate-server-1" finish start
[2013-07-16 15:46:54.545] [INFO] \node_modules\pomelo\lib\application.js - application inited: "gate-server-1"
[2013-07-16 15:46:54.831] [INFO] \node_modules\pomelo\node_modules\pomelo-admin\lib\consoleService.js - try to connect master: "gate", "127.0.0.1", 4005
[2013-07-16 15:46:54.895] [INFO] \node_modules\pomelo\lib\application.js - "gate-server-1" enter after start...
[2013-07-16 15:46:54.909] [INFO] console - info: 'socket.io started'
[2013-07-16 15:46:54.910] [INFO] \node_modules\pomelo\lib\application.js - "gate-server-1" finish start
[2013-07-17 10:51:50.869] [INFO] \node_modules\pomelo\lib\application.js - application inited: "gate-server-1"
[2013-07-17 10:51:51.889] [INFO] \node_modules\pomelo\node_modules\pomelo-admin\lib\consoleService.js - try to connect master: "gate", "127.0.0.1", 4005
[2013-07-17 10:51:51.955] [INFO] \node_modules\pomelo\lib\application.js - "gate-server-1" enter after start...
[2013-07-17 10:51:51.983] [INFO] console - info: 'socket.io started'
[2013-07-17 10:51:51.984] [INFO] \node_modules\pomelo\lib\application.js - "gate-server-1" finish start
[2013-07-17 11:02:17.694] [INFO] \node_modules\pomelo\lib\application.js - application inited: "gate-server-1"
[2013-07-17 11:02:17.986] [INFO] \node_modules\pomelo\node_modules\pomelo-admin\lib\consoleService.js - try to connect master: "gate", "127.0.0.1", 4005
[2013-07-17 11:02:18.048] [INFO] \node_modules\pomelo\lib\application.js - "gate-server-1" enter after start...
[2013-07-17 11:02:18.065] [INFO] console - info: 'socket.io started'
[2013-07-17 11:02:18.066] [INFO] \node_modules\pomelo\lib\application.js - "gate-server-1" finish start
[2013-07-17 13:38:24.109] [INFO] \node_modules\pomelo\lib\application.js - application inited: "gate-server-1"
[2013-07-17 13:38:25.070] [INFO] \node_modules\pomelo\node_modules\pomelo-admin\lib\consoleService.js - try to connect master: "gate", "127.0.0.1", 4005
[2013-07-17 13:38:25.134] [INFO] \node_modules\pomelo\lib\application.js - "gate-server-1" enter after start...
[2013-07-17 13:38:25.171] [INFO] console - info: 'socket.io started'
[2013-07-17 13:38:25.172] [INFO] \node_modules\pomelo\lib\application.js - "gate-server-1" finish start
[2013-07-17 14:34:29.110] [INFO] \node_modules\pomelo\lib\application.js - application inited: "gate-server-1"
[2013-07-17 14:34:29.403] [INFO] \node_modules\pomelo\node_modules\pomelo-admin\lib\consoleService.js - try to connect master: "gate", "127.0.0.1", 4005
[2013-07-17 14:34:29.464] [INFO] \node_modules\pomelo\lib\application.js - "gate-server-1" enter after start...
[2013-07-17 14:34:29.479] [INFO] console - info: 'socket.io started'
[2013-07-17 14:34:29.480] [INFO] \node_modules\pomelo\lib\application.js - "gate-server-1" finish start
[2013-07-17 14:34:39.325] [INFO] console - undefined
[2013-07-17 14:35:31.567] [INFO] console - undefined
[2013-07-17 14:35:42.020] [INFO] console - undefined
[2013-07-17 14:38:01.370] [INFO] console - undefined
[2013-07-17 14:39:02.837] [INFO] console - undefined
[2013-07-17 14:39:14.277] [INFO] console - undefined
[2013-07-17 14:39:30.237] [INFO] \node_modules\pomelo\lib\application.js - application inited: "gate-server-1"
[2013-07-17 14:39:30.527] [INFO] \node_modules\pomelo\node_modules\pomelo-admin\lib\consoleService.js - try to connect master: "gate", "127.0.0.1", 4005
[2013-07-17 14:39:30.585] [INFO] \node_modules\pomelo\lib\application.js - "gate-server-1" enter after start...
[2013-07-17 14:39:30.603] [INFO] console - info: 'socket.io started'
[2013-07-17 14:39:30.604] [INFO] \node_modules\pomelo\lib\application.js - "gate-server-1" finish start
[2013-07-17 14:39:49.852] [INFO] console - 124421
[2013-07-17 14:44:56.612] [INFO] console - 325423
[2013-07-17 17:30:24.869] [INFO] console - 3254
